Using pre-set license
Built from '2022.3/staging' branch; Version is '2022.3.16f1 (d2c21f0ef2f1) revision 13812255'; Using compiler version '192829333'; Build Type 'Release'
OS: 'Windows 10  (10.0.19045) 64bit Core' Language: 'ja' Physical Memory: 16322 MB
BatchMode: 1, IsHumanControllingUs: 0, StartBugReporterOnCrash: 0, Is64bit: 1, IsPro: 1

COMMAND LINE ARGUMENTS:
C:\Program Files\Unity\Hub\Editor\2022.3.16f1\Editor\Unity.exe
-adb2
-batchMode
-noUpm
-name
AssetImportWorker2
-projectPath
D:/UnityProject/practis
-logFile
Logs/AssetImportWorker2.log
-srvPort
62384
Successfully changed project path to: D:/UnityProject/practis
D:/UnityProject/practis
[UnityMemory] Configuration Parameters - Can be set up in boot.config
    "memorysetup-bucket-allocator-granularity=16"
    "memorysetup-bucket-allocator-bucket-count=8"
    "memorysetup-bucket-allocator-block-size=33554432"
    "memorysetup-bucket-allocator-block-count=8"
    "memorysetup-main-allocator-block-size=16777216"
    "memorysetup-thread-allocator-block-size=16777216"
    "memorysetup-gfx-main-allocator-block-size=16777216"
    "memorysetup-gfx-thread-allocator-block-size=16777216"
    "memorysetup-cache-allocator-block-size=4194304"
    "memorysetup-typetree-allocator-block-size=2097152"
    "memorysetup-profiler-bucket-allocator-granularity=16"
    "memorysetup-profiler-bucket-allocator-bucket-count=8"
    "memorysetup-profiler-bucket-allocator-block-size=33554432"
    "memorysetup-profiler-bucket-allocator-block-count=8"
    "memorysetup-profiler-allocator-block-size=16777216"
    "memorysetup-profiler-editor-allocator-block-size=1048576"
    "memorysetup-temp-allocator-size-main=16777216"
    "memorysetup-job-temp-allocator-block-size=2097152"
    "memorysetup-job-temp-allocator-block-size-background=1048576"
    "memorysetup-job-temp-allocator-reduction-small-platforms=262144"
    "memorysetup-allocator-temp-initial-block-size-main=262144"
    "memorysetup-allocator-temp-initial-block-size-worker=262144"
    "memorysetup-temp-allocator-size-background-worker=32768"
    "memorysetup-temp-allocator-size-job-worker=262144"
    "memorysetup-temp-allocator-size-preload-manager=33554432"
    "memorysetup-temp-allocator-size-nav-mesh-worker=65536"
    "memorysetup-temp-allocator-size-audio-worker=65536"
    "memorysetup-temp-allocator-size-cloud-worker=32768"
    "memorysetup-temp-allocator-size-gi-baking-worker=262144"
    "memorysetup-temp-allocator-size-gfx=262144"
Player connection [1964] Host "[IP] 192.168.68.118 [Port] 0 [Flags] 2 [Guid] 3071029598 [EditorId] 3071029598 [Version] 1048832 [Id] WindowsEditor(7,DESKTOP-F3E8SVE) [Debug] 1 [PackageName] WindowsEditor [ProjectName] Editor" joined multi-casting on [225.0.0.222:54997]...

Player connection [1964] Host "[IP] 192.168.68.118 [Port] 0 [Flags] 2 [Guid] 3071029598 [EditorId] 3071029598 [Version] 1048832 [Id] WindowsEditor(7,DESKTOP-F3E8SVE) [Debug] 1 [PackageName] WindowsEditor [ProjectName] Editor" joined alternative multi-casting on [225.0.0.222:34997]...

[Physics::Module] Initialized MultithreadedJobDispatcher with 11 workers.
Refreshing native plugins compatible for Editor in 15.01 ms, found 2 plugins.
Preloading 0 native plugins for Editor in 0.00 ms.
Initialize engine version: 2022.3.16f1 (d2c21f0ef2f1)
[Subsystems] Discovering subsystems at path C:/Program Files/Unity/Hub/Editor/2022.3.16f1/Editor/Data/Resources/UnitySubsystems
[Subsystems] Discovering subsystems at path D:/UnityProject/practis/Assets
GfxDevice: creating device client; threaded=0; jobified=0
Direct3D:
    Version:  Direct3D 11.0 [level 11.1]
    Renderer: NVIDIA GeForce GTX 1050 Ti (ID=0x1c82)
    Vendor:   NVIDIA
    VRAM:     4017 MB
    Driver:   31.0.15.3623
Initialize mono
Mono path[0] = 'C:/Program Files/Unity/Hub/Editor/2022.3.16f1/Editor/Data/Managed'
Mono path[1] = 'C:/Program Files/Unity/Hub/Editor/2022.3.16f1/Editor/Data/MonoBleedingEdge/lib/mono/unityjit-win32'
Mono config path = 'C:/Program Files/Unity/Hub/Editor/2022.3.16f1/Editor/Data/MonoBleedingEdge/etc'
Using monoOptions --debugger-agent=transport=dt_socket,embedding=1,server=y,suspend=n,address=127.0.0.1:56452
Begin MonoManager ReloadAssembly
Registering precompiled unity dll's ...
Register platform support module: C:/Program Files/Unity/Hub/Editor/2022.3.16f1/Editor/Data/PlaybackEngines/WebGLSupport/UnityEditor.WebGL.Extensions.dll
Register platform support module: C:/Program Files/Unity/Hub/Editor/2022.3.16f1/Editor/Data/PlaybackEngines/WindowsStandaloneSupport/UnityEditor.WindowsStandalone.Extensions.dll
Registered in 0.012376 seconds.
- Loaded All Assemblies, in  0.399 seconds
Native extension for WindowsStandalone target not found
Native extension for WebGL target not found
Mono: successfully reloaded assembly
- Finished resetting the current domain, in  0.272 seconds
Domain Reload Profiling: 670ms
	BeginReloadAssembly (140ms)
		ExecutionOrderSort (0ms)
		DisableScriptedObjects (0ms)
		BackupInstance (0ms)
		ReleaseScriptingObjects (0ms)
		CreateAndSetChildDomain (1ms)
	RebuildCommonClasses (35ms)
	RebuildNativeTypeToScriptingClass (13ms)
	initialDomainReloadingComplete (63ms)
	LoadAllAssembliesAndSetupDomain (146ms)
		LoadAssemblies (139ms)
		RebuildTransferFunctionScriptingTraits (0ms)
		AnalyzeDomain (144ms)
			TypeCache.Refresh (142ms)
				TypeCache.ScanAssembly (128ms)
			ScanForSourceGeneratedMonoScriptInfo (0ms)
			ResolveRequiredComponents (0ms)
	FinalizeReload (272ms)
		ReleaseScriptCaches (0ms)
		RebuildScriptCaches (0ms)
		SetupLoadedEditorAssemblies (216ms)
			LogAssemblyErrors (0ms)
			InitializePlatformSupportModulesInManaged (11ms)
			SetLoadedEditorAssemblies (5ms)
			RefreshPlugins (0ms)
			BeforeProcessingInitializeOnLoad (2ms)
			ProcessInitializeOnLoadAttributes (147ms)
			ProcessInitializeOnLoadMethodAttributes (52ms)
			AfterProcessingInitializeOnLoad (0ms)
			EditorAssembliesLoaded (0ms)
		ExecutionOrderSort2 (0ms)
		AwakeInstancesAfterBackupRestoration (0ms)
========================================================================
Worker process is ready to serve import requests
Begin MonoManager ReloadAssembly
Symbol file LoadedFromMemory is not a mono symbol file
- Loaded All Assemblies, in  0.686 seconds
Refreshing native plugins compatible for Editor in 9.58 ms, found 2 plugins.
Native extension for WindowsStandalone target not found
Native extension for WebGL target not found
Package Manager log level set to [2]
[Package Manager] Server::EnsureServerProcessIsRunning -- launch failed, reason: Unity was launched with the -noUpm command-line argument
[Package Manager] UpmClient::Send -- Unable to send message (not connected to UPM process).
[Package Manager] Cannot connect to Unity Package Manager local server
Mono: successfully reloaded assembly
- Finished resetting the current domain, in  0.640 seconds
Domain Reload Profiling: 1324ms
	BeginReloadAssembly (181ms)
		ExecutionOrderSort (0ms)
		DisableScriptedObjects (6ms)
		BackupInstance (0ms)
		ReleaseScriptingObjects (0ms)
		CreateAndSetChildDomain (21ms)
	RebuildCommonClasses (33ms)
	RebuildNativeTypeToScriptingClass (11ms)
	initialDomainReloadingComplete (46ms)
	LoadAllAssembliesAndSetupDomain (413ms)
		LoadAssemblies (384ms)
		RebuildTransferFunctionScriptingTraits (0ms)
		AnalyzeDomain (143ms)
			TypeCache.Refresh (121ms)
				TypeCache.ScanAssembly (103ms)
			ScanForSourceGeneratedMonoScriptInfo (18ms)
			ResolveRequiredComponents (3ms)
	FinalizeReload (640ms)
		ReleaseScriptCaches (0ms)
		RebuildScriptCaches (0ms)
		SetupLoadedEditorAssemblies (498ms)
			LogAssemblyErrors (0ms)
			InitializePlatformSupportModulesInManaged (8ms)
			SetLoadedEditorAssemblies (4ms)
			RefreshPlugins (0ms)
			BeforeProcessingInitializeOnLoad (55ms)
			ProcessInitializeOnLoadAttributes (275ms)
			ProcessInitializeOnLoadMethodAttributes (149ms)
			AfterProcessingInitializeOnLoad (7ms)
			EditorAssembliesLoaded (0ms)
		ExecutionOrderSort2 (0ms)
		AwakeInstancesAfterBackupRestoration (7ms)
Launched and connected shader compiler UnityShaderCompiler.exe after 0.05 seconds
Refreshing native plugins compatible for Editor in 10.82 ms, found 2 plugins.
Preloading 0 native plugins for Editor in 0.00 ms.
Unloading 2550 Unused Serialized files (Serialized files now loaded: 0)
Unloading 61 unused Assets / (69.3 KB). Loaded Objects now: 2999.
Memory consumption went from 115.9 MB to 115.8 MB.
Total: 8.880200 ms (FindLiveObjects: 0.282800 ms CreateObjectMapping: 0.245300 ms MarkObjects: 8.145100 ms  DeleteObjects: 0.205900 ms)

AssetImportParameters requested are different than current active one (requested -> active):
  custom:video-decoder-webm-vp8: 9c59270c3fd7afecdb556c50c9e8de78 -> 
  custom:SearchIndexIgnoredProperties: e643bd26f0fe6173181afceb89e7c659 -> 
  custom:container-demuxer-ogg: 62fdf1f143b41e24485cea50d1cbac27 -> 
  custom:AudioImporter_EditorPlatform: d09bf68614088b80899f8185d706f6e7 -> 
  custom:video-decoder-ogg-theora: a1e56fd34408186e4bbccfd4996cb3dc -> 
  custom:framework-win-MediaFoundation: 216162199b28c13a410421893ffa2e32 -> 
  custom:video-encoder-webm-vp8: eb34c28f22e8b96e1ab97ce403110664 -> 
  custom:audio-decoder-ogg-vorbis: bf7c407c2cedff20999df2af8eb42d56 -> 
  custom:CustomObjectIndexerAttribute: 43b350a4d6e6d1791af0b5038c4bea17 -> 
  custom:container-demuxer-webm: 4f35f7cbe854078d1ac9338744f61a02 -> 
  custom:audio-encoder-webm-vorbis: bf7c407c2cedff20999df2af8eb42d56 -> 
  custom:container-muxer-webm: aa71ff27fc2769a1b78a27578f13a17b -> 
========================================================================
Received Import Request.
  Time since last request: 1042371.797875 seconds.
  path: Assets/Resources/BillingMode.json
  artifactKey: Guid(d71478c5ee4dfe642ae6a16be2e83844) Importer(2089858483,0ecaa5967403d082aa24f35e1b516d23)
Start importing Assets/Resources/BillingMode.json using Guid(d71478c5ee4dfe642ae6a16be2e83844) Importer(2089858483,0ecaa5967403d082aa24f35e1b516d23) Generated GUIDs only implemented for interfaces!
 -> (artifact id: 'bc1542d077a080fd965b670b6b6b35ef') in 0.079311 seconds
Number of updated asset objects reloaded before import = 0
Number of asset objects unloaded after import = 1
========================================================================
Received Import Request.
  Time since last request: 0.000020 seconds.
  path: Assets/Prefubs/CharBlock/gameover/V_gameover.prefab
  artifactKey: Guid(15b95d2b3529ac842b05acd02ad889e6) Importer(2089858483,0ecaa5967403d082aa24f35e1b516d23)
Start importing Assets/Prefubs/CharBlock/gameover/V_gameover.prefab using Guid(15b95d2b3529ac842b05acd02ad889e6) Importer(2089858483,0ecaa5967403d082aa24f35e1b516d23) Generated GUIDs only implemented for interfaces!
 -> (artifact id: '7223f9d31f9fdcf559056eaf02057d09') in 0.043275 seconds
Number of updated asset objects reloaded before import = 0
Number of asset objects unloaded after import = 70
========================================================================
Received Import Request.
  Time since last request: 0.000014 seconds.
  path: Assets/Prefubs/CharBlock/start/G_char.prefab
  artifactKey: Guid(59576772bacc5a241a470c21aaad8220) Importer(2089858483,0ecaa5967403d082aa24f35e1b516d23)
Start importing Assets/Prefubs/CharBlock/start/G_char.prefab using Guid(59576772bacc5a241a470c21aaad8220) Importer(2089858483,0ecaa5967403d082aa24f35e1b516d23) Generated GUIDs only implemented for interfaces!
 -> (artifact id: '3dd254ced482c305b2b9128548b7777f') in 0.006300 seconds
Number of updated asset objects reloaded before import = 0
Number of asset objects unloaded after import = 95
========================================================================
Received Import Request.
  Time since last request: 0.000015 seconds.
  path: Assets/Materia/TitleLogoBlock.mat
  artifactKey: Guid(4257a6afe98f5154b84b899228bd7977) Importer(2089858483,0ecaa5967403d082aa24f35e1b516d23)
Start importing Assets/Materia/TitleLogoBlock.mat using Guid(4257a6afe98f5154b84b899228bd7977) Importer(2089858483,0ecaa5967403d082aa24f35e1b516d23) Generated GUIDs only implemented for interfaces!
 -> (artifact id: 'f012342e0d2890d2f99623551f2e4944') in 0.031590 seconds
Number of updated asset objects reloaded before import = 0
Number of asset objects unloaded after import = 2
========================================================================
Received Import Request.
  Time since last request: 0.000012 seconds.
  path: Assets/script/Tetris/StockBlocks.cs
  artifactKey: Guid(e41b97248b395674c8a6ab79fe6a199f) Importer(2089858483,0ecaa5967403d082aa24f35e1b516d23)
Start importing Assets/script/Tetris/StockBlocks.cs using Guid(e41b97248b395674c8a6ab79fe6a199f) Importer(2089858483,0ecaa5967403d082aa24f35e1b516d23) Generated GUIDs only implemented for interfaces!
 -> (artifact id: '5940b13f654f0899c80d9776292ac054') in 0.029228 seconds
Number of updated asset objects reloaded before import = 0
Number of asset objects unloaded after import = 1
========================================================================
Received Import Request.
  Time since last request: 0.000050 seconds.
  path: Assets/script/Tetris/TetrisDebugView.cs
  artifactKey: Guid(9e5393da82a6f074eb640b7bb35265f7) Importer(2089858483,0ecaa5967403d082aa24f35e1b516d23)
Start importing Assets/script/Tetris/TetrisDebugView.cs using Guid(9e5393da82a6f074eb640b7bb35265f7) Importer(2089858483,0ecaa5967403d082aa24f35e1b516d23) Generated GUIDs only implemented for interfaces!
 -> (artifact id: 'e7c9df88319dd49366e47cc1f70e3d7e') in 0.004856 seconds
Number of updated asset objects reloaded before import = 0
Number of asset objects unloaded after import = 1
========================================================================
Received Import Request.
  Time since last request: 0.000086 seconds.
  path: Assets/Prefubs/CharBlock/start/Y_char.prefab
  artifactKey: Guid(423c6687e34694c49a6679ad04972ce0) Importer(2089858483,0ecaa5967403d082aa24f35e1b516d23)
Start importing Assets/Prefubs/CharBlock/start/Y_char.prefab using Guid(423c6687e34694c49a6679ad04972ce0) Importer(2089858483,0ecaa5967403d082aa24f35e1b516d23) Generated GUIDs only implemented for interfaces!
 -> (artifact id: 'c067a8713adbf18e258c0d4ee06a65a2') in 0.049821 seconds
Number of updated asset objects reloaded before import = 0
Number of asset objects unloaded after import = 50
========================================================================
Received Import Request.
  Time since last request: 0.000053 seconds.
  path: Assets/Prefubs/CharBlock/gameover/E_gameover 1.prefab
  artifactKey: Guid(79920bc17db7fd74ba92c437e5008f84) Importer(2089858483,0ecaa5967403d082aa24f35e1b516d23)
Start importing Assets/Prefubs/CharBlock/gameover/E_gameover 1.prefab using Guid(79920bc17db7fd74ba92c437e5008f84) Importer(2089858483,0ecaa5967403d082aa24f35e1b516d23) Generated GUIDs only implemented for interfaces!
 -> (artifact id: '0c7716a8b8af94063ba180a043129a10') in 0.024154 seconds
Number of updated asset objects reloaded before import = 0
Number of asset objects unloaded after import = 100
========================================================================
Received Import Request.
  Time since last request: 0.000028 seconds.
  path: Assets/Prefubs/CharBlock/congratulations/L_congratulations.prefab
  artifactKey: Guid(c9f7310de6ca0ca42810d5cf67b9f442) Importer(2089858483,0ecaa5967403d082aa24f35e1b516d23)
Start importing Assets/Prefubs/CharBlock/congratulations/L_congratulations.prefab using Guid(c9f7310de6ca0ca42810d5cf67b9f442) Importer(2089858483,0ecaa5967403d082aa24f35e1b516d23) Generated GUIDs only implemented for interfaces!
 -> (artifact id: 'b78d6a1663ca13acfd59e92bd1cfd8e8') in 0.009966 seconds
Number of updated asset objects reloaded before import = 0
Number of asset objects unloaded after import = 59
========================================================================
Received Import Request.
  Time since last request: 0.000026 seconds.
  path: Assets/script/Tetris/UI/ScoreCount.cs
  artifactKey: Guid(65c705c0d0da7d345a9364bdbe11d9d1) Importer(2089858483,0ecaa5967403d082aa24f35e1b516d23)
Start importing Assets/script/Tetris/UI/ScoreCount.cs using Guid(65c705c0d0da7d345a9364bdbe11d9d1) Importer(2089858483,0ecaa5967403d082aa24f35e1b516d23) Generated GUIDs only implemented for interfaces!
 -> (artifact id: '83f857120c1616c70b4a68cb26159cec') in 0.037599 seconds
Number of updated asset objects reloaded before import = 0
Number of asset objects unloaded after import = 1
========================================================================
Received Import Request.
  Time since last request: 0.000053 seconds.
  path: Assets/script/Tetris/HoldBlocks.cs
  artifactKey: Guid(c64561856ea9c344a933a3526f9527dc) Importer(2089858483,0ecaa5967403d082aa24f35e1b516d23)
Start importing Assets/script/Tetris/HoldBlocks.cs using Guid(c64561856ea9c344a933a3526f9527dc) Importer(2089858483,0ecaa5967403d082aa24f35e1b516d23) Generated GUIDs only implemented for interfaces!
 -> (artifact id: 'e53b64755e519bc4fddfdf3fce5dc369') in 0.021712 seconds
Number of updated asset objects reloaded before import = 0
Number of asset objects unloaded after import = 1
========================================================================
Received Import Request.
  Time since last request: 0.000011 seconds.
  path: Assets/Prefubs/StockBlock.prefab
  artifactKey: Guid(1e56ea55e9847e04b8f02cc4fb6eff10) Importer(2089858483,0ecaa5967403d082aa24f35e1b516d23)
Start importing Assets/Prefubs/StockBlock.prefab using Guid(1e56ea55e9847e04b8f02cc4fb6eff10) Importer(2089858483,0ecaa5967403d082aa24f35e1b516d23) Generated GUIDs only implemented for interfaces!
 -> (artifact id: '2b602190b97a80fa91eff61d1aab6bc9') in 0.008424 seconds
Number of updated asset objects reloaded before import = 0
Number of asset objects unloaded after import = 7
========================================================================
Received Import Request.
  Time since last request: 0.000014 seconds.
  path: Assets/Prefubs/CharBlock/start/!_char.prefab
  artifactKey: Guid(4dfa205061f45bc4dbc9a1ce70db0836) Importer(2089858483,0ecaa5967403d082aa24f35e1b516d23)
Start importing Assets/Prefubs/CharBlock/start/!_char.prefab using Guid(4dfa205061f45bc4dbc9a1ce70db0836) Importer(2089858483,0ecaa5967403d082aa24f35e1b516d23) Generated GUIDs only implemented for interfaces!
 -> (artifact id: '6df59fb1b39ef50df4c8a4007c6333a3') in 0.050413 seconds
Number of updated asset objects reloaded before import = 0
Number of asset objects unloaded after import = 35
========================================================================
Received Import Request.
  Time since last request: 0.000020 seconds.
  path: Assets/Materia/TitleExit.mat
  artifactKey: Guid(4719c094995834844af31d66c9690a91) Importer(2089858483,0ecaa5967403d082aa24f35e1b516d23)
Start importing Assets/Materia/TitleExit.mat using Guid(4719c094995834844af31d66c9690a91) Importer(2089858483,0ecaa5967403d082aa24f35e1b516d23) Generated GUIDs only implemented for interfaces!
 -> (artifact id: 'e1f7429c153dd394a7b4e5ec0875dc33') in 0.085090 seconds
Number of updated asset objects reloaded before import = 0
Number of asset objects unloaded after import = 2
========================================================================
Received Import Request.
  Time since last request: 0.000013 seconds.
  path: Assets/Prefubs/CharBlock/congratulations/S_congratulations.prefab
  artifactKey: Guid(73cb139a6c301f1439c738ade47ac301) Importer(2089858483,0ecaa5967403d082aa24f35e1b516d23)
Start importing Assets/Prefubs/CharBlock/congratulations/S_congratulations.prefab using Guid(73cb139a6c301f1439c738ade47ac301) Importer(2089858483,0ecaa5967403d082aa24f35e1b516d23) Generated GUIDs only implemented for interfaces!
 -> (artifact id: '0adfeaea44a522210808f627b0a7132e') in 0.011178 seconds
Number of updated asset objects reloaded before import = 0
Number of asset objects unloaded after import = 79
========================================================================
Received Import Request.
  Time since last request: 0.000013 seconds.
  path: Assets/script/Tetris/UI/Pause.cs
  artifactKey: Guid(bfcbc3a2e4a80ad4fb585b3a44ad2d65) Importer(2089858483,0ecaa5967403d082aa24f35e1b516d23)
Start importing Assets/script/Tetris/UI/Pause.cs using Guid(bfcbc3a2e4a80ad4fb585b3a44ad2d65) Importer(2089858483,0ecaa5967403d082aa24f35e1b516d23) Generated GUIDs only implemented for interfaces!
 -> (artifact id: 'd7359cd17aac3cab13b32434db759249') in 0.022346 seconds
Number of updated asset objects reloaded before import = 0
Number of asset objects unloaded after import = 1
========================================================================
Received Import Request.
  Time since last request: 0.000110 seconds.
  path: Assets/Prefubs/CharBlock/gameover/R_gameover.prefab
  artifactKey: Guid(a4a352c6afb12c243a1c2cfab7cba803) Importer(2089858483,0ecaa5967403d082aa24f35e1b516d23)
Start importing Assets/Prefubs/CharBlock/gameover/R_gameover.prefab using Guid(a4a352c6afb12c243a1c2cfab7cba803) Importer(2089858483,0ecaa5967403d082aa24f35e1b516d23) Generated GUIDs only implemented for interfaces!
 -> (artifact id: '203a5d247ee48cecaf6711ad0806bbce') in 0.008289 seconds
Number of updated asset objects reloaded before import = 0
Number of asset objects unloaded after import = 95
========================================================================
Received Import Request.
  Time since last request: 0.000015 seconds.
  path: Assets/Prefubs/CharBlock/congratulations/G_congratulations.prefab
  artifactKey: Guid(d6a2470bf3d0ae2409e45f25371def90) Importer(2089858483,0ecaa5967403d082aa24f35e1b516d23)
Start importing Assets/Prefubs/CharBlock/congratulations/G_congratulations.prefab using Guid(d6a2470bf3d0ae2409e45f25371def90) Importer(2089858483,0ecaa5967403d082aa24f35e1b516d23) Generated GUIDs only implemented for interfaces!
 -> (artifact id: '429e2c9cc1643b1937249f9c59214920') in 0.006455 seconds
Number of updated asset objects reloaded before import = 0
Number of asset objects unloaded after import = 94
========================================================================
Received Import Request.
  Time since last request: 0.000022 seconds.
  path: Assets/Animation/Player.controller
  artifactKey: Guid(cba25d7b86927834aa9012cf41eabb21) Importer(2089858483,0ecaa5967403d082aa24f35e1b516d23)
Start importing Assets/Animation/Player.controller using Guid(cba25d7b86927834aa9012cf41eabb21) Importer(2089858483,0ecaa5967403d082aa24f35e1b516d23) Generated GUIDs only implemented for interfaces!
 -> (artifact id: '44a1dccb355a47ed485680b34189fdfe') in 0.051886 seconds
Number of updated asset objects reloaded before import = 0
Number of asset objects unloaded after import = 25
========================================================================
Received Import Request.
  Time since last request: 0.000022 seconds.
  path: Assets/Prefubs/CharBlock/congratulations/A_congratulations.prefab
  artifactKey: Guid(d5306048f5c5c164ca345d296114b46a) Importer(2089858483,0ecaa5967403d082aa24f35e1b516d23)
Start importing Assets/Prefubs/CharBlock/congratulations/A_congratulations.prefab using Guid(d5306048f5c5c164ca345d296114b46a) Importer(2089858483,0ecaa5967403d082aa24f35e1b516d23) Generated GUIDs only implemented for interfaces!
 -> (artifact id: '55f1b2e604819388cc02a0e893f9f505') in 0.010877 seconds
Number of updated asset objects reloaded before import = 0
Number of asset objects unloaded after import = 94
========================================================================
Received Import Request.
  Time since last request: 0.000016 seconds.
  path: Assets/script/Tetris/DebugText.cs
  artifactKey: Guid(40790bbe585fa0a44ac7bfb720e1e05d) Importer(2089858483,0ecaa5967403d082aa24f35e1b516d23)
Start importing Assets/script/Tetris/DebugText.cs using Guid(40790bbe585fa0a44ac7bfb720e1e05d) Importer(2089858483,0ecaa5967403d082aa24f35e1b516d23) Generated GUIDs only implemented for interfaces!
 -> (artifact id: 'b65243292d63ae2903fc6e4c474d5278') in 0.032560 seconds
Number of updated asset objects reloaded before import = 0
Number of asset objects unloaded after import = 1
========================================================================
Received Import Request.
  Time since last request: 0.000049 seconds.
  path: Assets/Prefubs/HoldBlocks.prefab
  artifactKey: Guid(0640ad686e7c62c49accc918f0689f31) Importer(2089858483,0ecaa5967403d082aa24f35e1b516d23)
Start importing Assets/Prefubs/HoldBlocks.prefab using Guid(0640ad686e7c62c49accc918f0689f31) Importer(2089858483,0ecaa5967403d082aa24f35e1b516d23) Generated GUIDs only implemented for interfaces!
 -> (artifact id: 'c5901c9a28453d626339ed34fc69e6ad') in 0.005088 seconds
Number of updated asset objects reloaded before import = 0
Number of asset objects unloaded after import = 129
========================================================================
Received Import Request.
  Time since last request: 0.000013 seconds.
  path: Assets/script/Tetris/CongratulationsColor.cs
  artifactKey: Guid(5e344e332f5803d47b0d94327bfa5510) Importer(2089858483,0ecaa5967403d082aa24f35e1b516d23)
Start importing Assets/script/Tetris/CongratulationsColor.cs using Guid(5e344e332f5803d47b0d94327bfa5510) Importer(2089858483,0ecaa5967403d082aa24f35e1b516d23) Generated GUIDs only implemented for interfaces!
 -> (artifact id: '6efb50eac803045c5753763f62152aeb') in 0.023486 seconds
Number of updated asset objects reloaded before import = 0
Number of asset objects unloaded after import = 1
========================================================================
Received Import Request.
  Time since last request: 0.000116 seconds.
  path: Assets/Prefubs/CharBlock/start/O_char.prefab
  artifactKey: Guid(ff017e6bb9ce7134da3166ff4b1aebf0) Importer(2089858483,0ecaa5967403d082aa24f35e1b516d23)
Start importing Assets/Prefubs/CharBlock/start/O_char.prefab using Guid(ff017e6bb9ce7134da3166ff4b1aebf0) Importer(2089858483,0ecaa5967403d082aa24f35e1b516d23) Generated GUIDs only implemented for interfaces!
 -> (artifact id: '29a6f536ffe6f5d69dc31d65ab631023') in 0.006759 seconds
Number of updated asset objects reloaded before import = 0
Number of asset objects unloaded after import = 85
========================================================================
Received Import Request.
  Time since last request: 0.000015 seconds.
  path: Assets/Prefubs/FallBlock.prefab
  artifactKey: Guid(9a2ef5a66ec431e4bbcf8fe473340823) Importer(2089858483,0ecaa5967403d082aa24f35e1b516d23)
Start importing Assets/Prefubs/FallBlock.prefab using Guid(9a2ef5a66ec431e4bbcf8fe473340823) Importer(2089858483,0ecaa5967403d082aa24f35e1b516d23) Generated GUIDs only implemented for interfaces!
 -> (artifact id: 'a964bc46db4d78ee23fb21af4381ee4e') in 0.047063 seconds
Number of updated asset objects reloaded before import = 0
Number of asset objects unloaded after import = 9
========================================================================
Received Import Request.
  Time since last request: 0.000012 seconds.
  path: Assets/ColliderVisualizer/ColliderVisualizer.cs
  artifactKey: Guid(e1cd58f4489929a4eb4c9ac9ab5a0982) Importer(2089858483,0ecaa5967403d082aa24f35e1b516d23)
Start importing Assets/ColliderVisualizer/ColliderVisualizer.cs using Guid(e1cd58f4489929a4eb4c9ac9ab5a0982) Importer(2089858483,0ecaa5967403d082aa24f35e1b516d23) Generated GUIDs only implemented for interfaces!
 -> (artifact id: '730aaf418a92227e0ee3833c32e0924c') in 0.005418 seconds
Number of updated asset objects reloaded before import = 0
Number of asset objects unloaded after import = 1
========================================================================
Received Import Request.
  Time since last request: 0.000077 seconds.
  path: Assets/Prefubs/I_mino.prefab
  artifactKey: Guid(21e33939525b3b042ae0898a4d270e39) Importer(2089858483,0ecaa5967403d082aa24f35e1b516d23)
Start importing Assets/Prefubs/I_mino.prefab using Guid(21e33939525b3b042ae0898a4d270e39) Importer(2089858483,0ecaa5967403d082aa24f35e1b516d23) Generated GUIDs only implemented for interfaces!
 -> (artifact id: '23943f5bf9e02df8fd44cbfb8037a47b') in 0.038117 seconds
Number of updated asset objects reloaded before import = 0
Number of asset objects unloaded after import = 26
========================================================================
Received Import Request.
  Time since last request: 0.000023 seconds.
  path: Assets/Prefubs/CharBlock/congratulations/C_congratulations.prefab
  artifactKey: Guid(7b62c73829e84fd42b4bc6159639be08) Importer(2089858483,0ecaa5967403d082aa24f35e1b516d23)
Start importing Assets/Prefubs/CharBlock/congratulations/C_congratulations.prefab using Guid(7b62c73829e84fd42b4bc6159639be08) Importer(2089858483,0ecaa5967403d082aa24f35e1b516d23) Generated GUIDs only implemented for interfaces!
 -> (artifact id: '6ac473bd131175b45019e5043d5578df') in 0.005105 seconds
Number of updated asset objects reloaded before import = 0
Number of asset objects unloaded after import = 69
========================================================================
Received Import Request.
  Time since last request: 0.000013 seconds.
  path: Assets/Sound/SE/Hold.wav
  artifactKey: Guid(3ee79e265ca7ff945854ba70911bbd59) Importer(2089858483,0ecaa5967403d082aa24f35e1b516d23)
Start importing Assets/Sound/SE/Hold.wav using Guid(3ee79e265ca7ff945854ba70911bbd59) Importer(2089858483,0ecaa5967403d082aa24f35e1b516d23) Generated GUIDs only implemented for interfaces!
 -> (artifact id: 'd19e0272d8f0f08fbcdde7c0a21ee43c') in 0.031176 seconds
Number of updated asset objects reloaded before import = 0
Number of asset objects unloaded after import = 1
========================================================================
Received Import Request.
  Time since last request: 0.000012 seconds.
  path: Assets/Materia/TitleStart.mat
  artifactKey: Guid(48e017a34e76b3a448e9b9bbd7fadf1c) Importer(2089858483,0ecaa5967403d082aa24f35e1b516d23)
Start importing Assets/Materia/TitleStart.mat using Guid(48e017a34e76b3a448e9b9bbd7fadf1c) Importer(2089858483,0ecaa5967403d082aa24f35e1b516d23) Generated GUIDs only implemented for interfaces!
 -> (artifact id: 'd0efcab20d6072a805379488914f52a4') in 0.026738 seconds
Number of updated asset objects reloaded before import = 0
Number of asset objects unloaded after import = 2
========================================================================
Received Import Request.
  Time since last request: 0.000013 seconds.
  path: Assets/script/Tetris/UI/HoldColor.cs
  artifactKey: Guid(e12221b6f8f5618499a9087ae8fb4692) Importer(2089858483,0ecaa5967403d082aa24f35e1b516d23)
Start importing Assets/script/Tetris/UI/HoldColor.cs using Guid(e12221b6f8f5618499a9087ae8fb4692) Importer(2089858483,0ecaa5967403d082aa24f35e1b516d23) Generated GUIDs only implemented for interfaces!
 -> (artifact id: '630cf059fd99992c94e5a859ed989abb') in 0.004127 seconds
Number of updated asset objects reloaded before import = 0
Number of asset objects unloaded after import = 1
Editor requested this worker to shutdown with reason: Scaling down because of idle timeout
TcpMessagingSession - receive error: operation aborted. errorcode: 995, details: スレッドの終了またはアプリケーションの要求によって、I/O 処理は中止されました。
AssetImportWorker is now disconnected from the server
Process exiting
Exiting without the bug reporter. Application will terminate with return code 0