Using pre-set license
Built from '2022.3/staging' branch; Version is '2022.3.16f1 (d2c21f0ef2f1) revision 13812255'; Using compiler version '192829333'; Build Type 'Release'
OS: 'Windows 10  (10.0.19045) 64bit Core' Language: 'ja' Physical Memory: 16322 MB
BatchMode: 1, IsHumanControllingUs: 0, StartBugReporterOnCrash: 0, Is64bit: 1, IsPro: 1

COMMAND LINE ARGUMENTS:
C:\Program Files\Unity\Hub\Editor\2022.3.16f1\Editor\Unity.exe
-adb2
-batchMode
-noUpm
-name
AssetImportWorker1
-projectPath
D:/UnityProject/practis
-logFile
Logs/AssetImportWorker1.log
-srvPort
55905
Successfully changed project path to: D:/UnityProject/practis
D:/UnityProject/practis
[UnityMemory] Configuration Parameters - Can be set up in boot.config
    "memorysetup-bucket-allocator-granularity=16"
    "memorysetup-bucket-allocator-bucket-count=8"
    "memorysetup-bucket-allocator-block-size=33554432"
    "memorysetup-bucket-allocator-block-count=8"
    "memorysetup-main-allocator-block-size=16777216"
    "memorysetup-thread-allocator-block-size=16777216"
    "memorysetup-gfx-main-allocator-block-size=16777216"
    "memorysetup-gfx-thread-allocator-block-size=16777216"
    "memorysetup-cache-allocator-block-size=4194304"
    "memorysetup-typetree-allocator-block-size=2097152"
    "memorysetup-profiler-bucket-allocator-granularity=16"
    "memorysetup-profiler-bucket-allocator-bucket-count=8"
    "memorysetup-profiler-bucket-allocator-block-size=33554432"
    "memorysetup-profiler-bucket-allocator-block-count=8"
    "memorysetup-profiler-allocator-block-size=16777216"
    "memorysetup-profiler-editor-allocator-block-size=1048576"
    "memorysetup-temp-allocator-size-main=16777216"
    "memorysetup-job-temp-allocator-block-size=2097152"
    "memorysetup-job-temp-allocator-block-size-background=1048576"
    "memorysetup-job-temp-allocator-reduction-small-platforms=262144"
    "memorysetup-allocator-temp-initial-block-size-main=262144"
    "memorysetup-allocator-temp-initial-block-size-worker=262144"
    "memorysetup-temp-allocator-size-background-worker=32768"
    "memorysetup-temp-allocator-size-job-worker=262144"
    "memorysetup-temp-allocator-size-preload-manager=33554432"
    "memorysetup-temp-allocator-size-nav-mesh-worker=65536"
    "memorysetup-temp-allocator-size-audio-worker=65536"
    "memorysetup-temp-allocator-size-cloud-worker=32768"
    "memorysetup-temp-allocator-size-gi-baking-worker=262144"
    "memorysetup-temp-allocator-size-gfx=262144"
Player connection [14812] Host "[IP] 192.168.68.118 [Port] 0 [Flags] 2 [Guid] 2384034554 [EditorId] 2384034554 [Version] 1048832 [Id] WindowsEditor(7,DESKTOP-F3E8SVE) [Debug] 1 [PackageName] WindowsEditor [ProjectName] Editor" joined multi-casting on [225.0.0.222:54997]...

Player connection [14812] Host "[IP] 192.168.68.118 [Port] 0 [Flags] 2 [Guid] 2384034554 [EditorId] 2384034554 [Version] 1048832 [Id] WindowsEditor(7,DESKTOP-F3E8SVE) [Debug] 1 [PackageName] WindowsEditor [ProjectName] Editor" joined alternative multi-casting on [225.0.0.222:34997]...

[Physics::Module] Initialized MultithreadedJobDispatcher with 11 workers.
Refreshing native plugins compatible for Editor in 16.75 ms, found 2 plugins.
Preloading 0 native plugins for Editor in 0.00 ms.
Initialize engine version: 2022.3.16f1 (d2c21f0ef2f1)
[Subsystems] Discovering subsystems at path C:/Program Files/Unity/Hub/Editor/2022.3.16f1/Editor/Data/Resources/UnitySubsystems
[Subsystems] Discovering subsystems at path D:/UnityProject/practis/Assets
GfxDevice: creating device client; threaded=0; jobified=0
Direct3D:
    Version:  Direct3D 11.0 [level 11.1]
    Renderer: NVIDIA GeForce GTX 1050 Ti (ID=0x1c82)
    Vendor:   NVIDIA
    VRAM:     4017 MB
    Driver:   31.0.15.3623
Initialize mono
Mono path[0] = 'C:/Program Files/Unity/Hub/Editor/2022.3.16f1/Editor/Data/Managed'
Mono path[1] = 'C:/Program Files/Unity/Hub/Editor/2022.3.16f1/Editor/Data/MonoBleedingEdge/lib/mono/unityjit-win32'
Mono config path = 'C:/Program Files/Unity/Hub/Editor/2022.3.16f1/Editor/Data/MonoBleedingEdge/etc'
Using monoOptions --debugger-agent=transport=dt_socket,embedding=1,server=y,suspend=n,address=127.0.0.1:56672
Begin MonoManager ReloadAssembly
Registering precompiled unity dll's ...
Register platform support module: C:/Program Files/Unity/Hub/Editor/2022.3.16f1/Editor/Data/PlaybackEngines/WebGLSupport/UnityEditor.WebGL.Extensions.dll
Register platform support module: C:/Program Files/Unity/Hub/Editor/2022.3.16f1/Editor/Data/PlaybackEngines/WindowsStandaloneSupport/UnityEditor.WindowsStandalone.Extensions.dll
Registered in 0.012434 seconds.
- Loaded All Assemblies, in  0.384 seconds
Native extension for WindowsStandalone target not found
Native extension for WebGL target not found
Mono: successfully reloaded assembly
- Finished resetting the current domain, in  0.258 seconds
Domain Reload Profiling: 640ms
	BeginReloadAssembly (127ms)
		ExecutionOrderSort (0ms)
		DisableScriptedObjects (0ms)
		BackupInstance (0ms)
		ReleaseScriptingObjects (0ms)
		CreateAndSetChildDomain (1ms)
	RebuildCommonClasses (36ms)
	RebuildNativeTypeToScriptingClass (10ms)
	initialDomainReloadingComplete (62ms)
	LoadAllAssembliesAndSetupDomain (147ms)
		LoadAssemblies (126ms)
		RebuildTransferFunctionScriptingTraits (0ms)
		AnalyzeDomain (144ms)
			TypeCache.Refresh (142ms)
				TypeCache.ScanAssembly (129ms)
			ScanForSourceGeneratedMonoScriptInfo (0ms)
			ResolveRequiredComponents (0ms)
	FinalizeReload (259ms)
		ReleaseScriptCaches (0ms)
		RebuildScriptCaches (0ms)
		SetupLoadedEditorAssemblies (202ms)
			LogAssemblyErrors (0ms)
			InitializePlatformSupportModulesInManaged (10ms)
			SetLoadedEditorAssemblies (5ms)
			RefreshPlugins (0ms)
			BeforeProcessingInitializeOnLoad (2ms)
			ProcessInitializeOnLoadAttributes (137ms)
			ProcessInitializeOnLoadMethodAttributes (47ms)
			AfterProcessingInitializeOnLoad (0ms)
			EditorAssembliesLoaded (0ms)
		ExecutionOrderSort2 (0ms)
		AwakeInstancesAfterBackupRestoration (0ms)
========================================================================
Worker process is ready to serve import requests
Begin MonoManager ReloadAssembly
Symbol file LoadedFromMemory is not a mono symbol file
- Loaded All Assemblies, in  0.658 seconds
Refreshing native plugins compatible for Editor in 10.56 ms, found 2 plugins.
Native extension for WindowsStandalone target not found
Native extension for WebGL target not found
Package Manager log level set to [2]
[Package Manager] Server::EnsureServerProcessIsRunning -- launch failed, reason: Unity was launched with the -noUpm command-line argument
[Package Manager] UpmClient::Send -- Unable to send message (not connected to UPM process).
[Package Manager] Cannot connect to Unity Package Manager local server
Mono: successfully reloaded assembly
- Finished resetting the current domain, in  0.696 seconds
Domain Reload Profiling: 1351ms
	BeginReloadAssembly (179ms)
		ExecutionOrderSort (0ms)
		DisableScriptedObjects (6ms)
		BackupInstance (0ms)
		ReleaseScriptingObjects (0ms)
		CreateAndSetChildDomain (22ms)
	RebuildCommonClasses (35ms)
	RebuildNativeTypeToScriptingClass (12ms)
	initialDomainReloadingComplete (43ms)
	LoadAllAssembliesAndSetupDomain (387ms)
		LoadAssemblies (372ms)
		RebuildTransferFunctionScriptingTraits (0ms)
		AnalyzeDomain (128ms)
			TypeCache.Refresh (105ms)
				TypeCache.ScanAssembly (86ms)
			ScanForSourceGeneratedMonoScriptInfo (18ms)
			ResolveRequiredComponents (3ms)
	FinalizeReload (696ms)
		ReleaseScriptCaches (0ms)
		RebuildScriptCaches (0ms)
		SetupLoadedEditorAssemblies (552ms)
			LogAssemblyErrors (0ms)
			InitializePlatformSupportModulesInManaged (8ms)
			SetLoadedEditorAssemblies (4ms)
			RefreshPlugins (0ms)
			BeforeProcessingInitializeOnLoad (61ms)
			ProcessInitializeOnLoadAttributes (303ms)
			ProcessInitializeOnLoadMethodAttributes (168ms)
			AfterProcessingInitializeOnLoad (8ms)
			EditorAssembliesLoaded (0ms)
		ExecutionOrderSort2 (0ms)
		AwakeInstancesAfterBackupRestoration (7ms)
Launched and connected shader compiler UnityShaderCompiler.exe after 0.05 seconds
Refreshing native plugins compatible for Editor in 12.24 ms, found 2 plugins.
Preloading 0 native plugins for Editor in 0.00 ms.
Unloading 2550 Unused Serialized files (Serialized files now loaded: 0)
Unloading 61 unused Assets / (68.9 KB). Loaded Objects now: 2999.
Memory consumption went from 116.0 MB to 115.9 MB.
Total: 6.004600 ms (FindLiveObjects: 0.215800 ms CreateObjectMapping: 0.172900 ms MarkObjects: 5.485600 ms  DeleteObjects: 0.128700 ms)

AssetImportParameters requested are different than current active one (requested -> active):
  custom:video-decoder-webm-vp8: 9c59270c3fd7afecdb556c50c9e8de78 -> 
  custom:SearchIndexIgnoredProperties: e643bd26f0fe6173181afceb89e7c659 -> 
  custom:container-demuxer-ogg: 62fdf1f143b41e24485cea50d1cbac27 -> 
  custom:AudioImporter_EditorPlatform: d09bf68614088b80899f8185d706f6e7 -> 
  custom:video-decoder-ogg-theora: a1e56fd34408186e4bbccfd4996cb3dc -> 
  custom:framework-win-MediaFoundation: 216162199b28c13a410421893ffa2e32 -> 
  custom:video-encoder-webm-vp8: eb34c28f22e8b96e1ab97ce403110664 -> 
  custom:audio-decoder-ogg-vorbis: bf7c407c2cedff20999df2af8eb42d56 -> 
  custom:CustomObjectIndexerAttribute: 43b350a4d6e6d1791af0b5038c4bea17 -> 
  custom:container-demuxer-webm: 4f35f7cbe854078d1ac9338744f61a02 -> 
  custom:audio-encoder-webm-vorbis: bf7c407c2cedff20999df2af8eb42d56 -> 
  custom:container-muxer-webm: aa71ff27fc2769a1b78a27578f13a17b -> 
========================================================================
Received Import Request.
  Time since last request: 1130743.259381 seconds.
  path: Assets/physic/ZeroFriction.physicMaterial
  artifactKey: Guid(16b7a1e74aa67e64cab6e370ad01a36c) Importer(815301076,1909f56bfc062723c751e8b465ee728b)
Start importing Assets/physic/ZeroFriction.physicMaterial using Guid(16b7a1e74aa67e64cab6e370ad01a36c) Importer(815301076,1909f56bfc062723c751e8b465ee728b)  -> (artifact id: '35b699a3fd8f7d8bc81f315a7d1acfc6') in 0.020013 seconds
Number of updated asset objects reloaded before import = 0
Number of asset objects unloaded after import = 1
========================================================================
Received Import Request.
  Time since last request: 0.000021 seconds.
  path: Assets/Materia/TitleLogoBlock.mat
  artifactKey: Guid(4257a6afe98f5154b84b899228bd7977) Importer(815301076,1909f56bfc062723c751e8b465ee728b)
Start importing Assets/Materia/TitleLogoBlock.mat using Guid(4257a6afe98f5154b84b899228bd7977) Importer(815301076,1909f56bfc062723c751e8b465ee728b)  -> (artifact id: '0387a3425645fb12a2e9785f57290666') in 0.093404 seconds
Number of updated asset objects reloaded before import = 0
Number of asset objects unloaded after import = 2
========================================================================
Received Import Request.
  Time since last request: 0.000017 seconds.
  path: Assets/Materia/TitleStart.mat
  artifactKey: Guid(48e017a34e76b3a448e9b9bbd7fadf1c) Importer(815301076,1909f56bfc062723c751e8b465ee728b)
Start importing Assets/Materia/TitleStart.mat using Guid(48e017a34e76b3a448e9b9bbd7fadf1c) Importer(815301076,1909f56bfc062723c751e8b465ee728b)  -> (artifact id: 'c4719ba2b4b9c3a0171853508562303b') in 0.051306 seconds
Number of updated asset objects reloaded before import = 0
Number of asset objects unloaded after import = 2
========================================================================
Received Import Request.
  Time since last request: 0.000014 seconds.
  path: Assets/Materia/StaticBlock.mat
  artifactKey: Guid(f711d14e029c3aa4c9b9e75d29cf377b) Importer(815301076,1909f56bfc062723c751e8b465ee728b)
Start importing Assets/Materia/StaticBlock.mat using Guid(f711d14e029c3aa4c9b9e75d29cf377b) Importer(815301076,1909f56bfc062723c751e8b465ee728b)  -> (artifact id: '0813b1b4d9c9a2d0e54adc8567daca65') in 0.020287 seconds
Number of updated asset objects reloaded before import = 0
Number of asset objects unloaded after import = 1
========================================================================
Received Import Request.
  Time since last request: 0.000013 seconds.
  path: Assets/Materia/FallBlock.mat
  artifactKey: Guid(63d7f6d5b6ea6f04fbc0a6350d0469f3) Importer(815301076,1909f56bfc062723c751e8b465ee728b)
Start importing Assets/Materia/FallBlock.mat using Guid(63d7f6d5b6ea6f04fbc0a6350d0469f3) Importer(815301076,1909f56bfc062723c751e8b465ee728b)  -> (artifact id: '6d6633fee2752b14709b5e186bc019af') in 0.006108 seconds
Number of updated asset objects reloaded before import = 0
Number of asset objects unloaded after import = 1
========================================================================
Received Import Request.
  Time since last request: 0.000017 seconds.
  path: Assets/Materia/TitleExit.mat
  artifactKey: Guid(4719c094995834844af31d66c9690a91) Importer(815301076,1909f56bfc062723c751e8b465ee728b)
Start importing Assets/Materia/TitleExit.mat using Guid(4719c094995834844af31d66c9690a91) Importer(815301076,1909f56bfc062723c751e8b465ee728b)  -> (artifact id: '699bc805b60d25320921222d24a5dc26') in 0.021849 seconds
Number of updated asset objects reloaded before import = 0
Number of asset objects unloaded after import = 2
========================================================================
Received Import Request.
  Time since last request: 42.567482 seconds.
  path: Assets/Prefubs/FallBlocks.prefab
  artifactKey: Guid(287b50e58a39e184b953b16c935bd080) Importer(815301076,1909f56bfc062723c751e8b465ee728b)
Start importing Assets/Prefubs/FallBlocks.prefab using Guid(287b50e58a39e184b953b16c935bd080) Importer(815301076,1909f56bfc062723c751e8b465ee728b)  -> (artifact id: '77b03766b3ae996e42be0f51a9a9c827') in 0.035675 seconds
Number of updated asset objects reloaded before import = 0
Number of asset objects unloaded after import = 191
========================================================================
Received Import Request.
  Time since last request: 0.000015 seconds.
  path: Assets/Prefubs/StockBlock.prefab
  artifactKey: Guid(1e56ea55e9847e04b8f02cc4fb6eff10) Importer(815301076,1909f56bfc062723c751e8b465ee728b)
Start importing Assets/Prefubs/StockBlock.prefab using Guid(1e56ea55e9847e04b8f02cc4fb6eff10) Importer(815301076,1909f56bfc062723c751e8b465ee728b)  -> (artifact id: 'a72ae7084d39196328881eca9c998cf3') in 0.020969 seconds
Number of updated asset objects reloaded before import = 0
Number of asset objects unloaded after import = 7
========================================================================
Received Import Request.
  Time since last request: 0.000019 seconds.
  path: Assets/Prefubs/HoldBlock.prefab
  artifactKey: Guid(6f146d3f4430e904392bf9c64c05449b) Importer(815301076,1909f56bfc062723c751e8b465ee728b)
Start importing Assets/Prefubs/HoldBlock.prefab using Guid(6f146d3f4430e904392bf9c64c05449b) Importer(815301076,1909f56bfc062723c751e8b465ee728b)  -> (artifact id: '0a278504aaa764d9e5ceb5d6d5da789d') in 0.007089 seconds
Number of updated asset objects reloaded before import = 0
Number of asset objects unloaded after import = 7
========================================================================
Received Import Request.
  Time since last request: 0.000021 seconds.
  path: Assets/Prefubs/StaticBlock.prefab
  artifactKey: Guid(f6f133793c6841449b0c5690bb6e9db6) Importer(815301076,1909f56bfc062723c751e8b465ee728b)
Start importing Assets/Prefubs/StaticBlock.prefab using Guid(f6f133793c6841449b0c5690bb6e9db6) Importer(815301076,1909f56bfc062723c751e8b465ee728b)  -> (artifact id: '948e25fc256ac44f0f6fa7403697b4eb') in 0.011399 seconds
Number of updated asset objects reloaded before import = 0
Number of asset objects unloaded after import = 208
========================================================================
Received Import Request.
  Time since last request: 0.000015 seconds.
  path: Assets/Prefubs/StockBlocks.prefab
  artifactKey: Guid(792248812551681488ebdc45259707d9) Importer(815301076,1909f56bfc062723c751e8b465ee728b)
Start importing Assets/Prefubs/StockBlocks.prefab using Guid(792248812551681488ebdc45259707d9) Importer(815301076,1909f56bfc062723c751e8b465ee728b)  -> (artifact id: 'f98b3239199f7b3bce9bcfbd079d3a8c') in 0.016529 seconds
Number of updated asset objects reloaded before import = 0
Number of asset objects unloaded after import = 160
========================================================================
Received Import Request.
  Time since last request: 15.564884 seconds.
  path: Assets/Sound/SE/MinoErase.wav
  artifactKey: Guid(19e82da690b1c2648989cf65922ec4b2) Importer(815301076,1909f56bfc062723c751e8b465ee728b)
Start importing Assets/Sound/SE/MinoErase.wav using Guid(19e82da690b1c2648989cf65922ec4b2) Importer(815301076,1909f56bfc062723c751e8b465ee728b)  -> (artifact id: 'f6e06e02be2d01ad6f668e7b53208739') in 0.029994 seconds
Number of updated asset objects reloaded before import = 0
Number of asset objects unloaded after import = 2
========================================================================
Received Import Request.
  Time since last request: 0.976292 seconds.
  path: Assets/Texture/TitleStartStr.png
  artifactKey: Guid(88af83ec1469dde459160cbe257a62eb) Importer(815301076,1909f56bfc062723c751e8b465ee728b)
Start importing Assets/Texture/TitleStartStr.png using Guid(88af83ec1469dde459160cbe257a62eb) Importer(815301076,1909f56bfc062723c751e8b465ee728b)  -> (artifact id: 'fdac32ef132b460913c1c8c4e4d7f697') in 0.023053 seconds
Number of updated asset objects reloaded before import = 0
Number of asset objects unloaded after import = 2
